{"name": "Работа авторизованного юзера с корзиной", "status": "broken", "statusDetails": {"message": "selenium.common.exceptions.NoAlertPresentException: Message: no such alert\n  (Session info: chrome=78.0.3904.70)", "trace": "self = <stepik_final_task.test_product_page.TestUserAddToBasketFromProductPage object at 0x10c2db250>\ndriver = <selenium.webdriver.chrome.webdriver.WebDriver (session=\"ce03dc8c994e3f5d95fbde4de6e8ed84\")>\n\n    @pytest.mark.need_review\n    def test_user_can_add_product_to_basket(self, driver):\n        link = \"http://selenium1py.pythonanywhere.com/catalogue/coders-at-work_207/?promo=offer0\"\n    \n        with allure.step(\"Переход по ссылке\" + link):\n            page = ProductPage(driver, link)\n            page.open()\n    \n        with allure.step(\"Переход на страницу авторизации\"):\n            page.go_to_login_page()\n    \n        with allure.step(\"Регистрация пользователя\"):\n            register_page = LoginPage(driver, driver.current_url)\n            register_page.setup_user()\n    \n        with allure.step(\"Возврат на главную страницу\"):\n            page.open()\n    \n        with allure.step(\"Добавление товара в корзину\"):\n            page.click_on_basket()\n    \n        with allure.step(\"Решение серктеного кода\"):\n>           page.solve_quiz_and_get_code()\n\ntest_product_page.py:33: \n_ _ _ _ _ _ _ _ _ _ _ _ _ _ _ _ _ _ _ _ _ _ _ _ _ _ _ _ _ _ _ _ _ _ _ _ _ _ _ _ \npages/product_page.py:33: in solve_quiz_and_get_code\n    alert = self.driver.switch_to.alert\n/usr/local/lib/python3.7/site-packages/selenium/webdriver/remote/switch_to.py:55: in alert\n    alert.text\n/usr/local/lib/python3.7/site-packages/selenium/webdriver/common/alert.py:67: in text\n    return self.driver.execute(Command.W3C_GET_ALERT_TEXT)[\"value\"]\n/usr/local/lib/python3.7/site-packages/selenium/webdriver/remote/webdriver.py:321: in execute\n    self.error_handler.check_response(response)\n_ _ _ _ _ _ _ _ _ _ _ _ _ _ _ _ _ _ _ _ _ _ _ _ _ _ _ _ _ _ _ _ _ _ _ _ _ _ _ _ \n\nself = <selenium.webdriver.remote.errorhandler.ErrorHandler object at 0x10c2b2d90>\nresponse = {'status': 404, 'value': '{\"value\":{\"error\":\"no such alert\",\"message\":\"no such alert\\\\n  (Session info: chrome=78.0.39...fff65b13d76 _pthread_start + 125\\\\n19  libsystem_pthread.dylib             0x00007fff65b105d7 thread_start + 15\\\\n\"}}'}\n\n    def check_response(self, response):\n        \"\"\"\n        Checks that a JSON response from the WebDriver does not have an error.\n    \n        :Args:\n         - response - The JSON response from the WebDriver server as a dictionary\n           object.\n    \n        :Raises: If the response contains an error message.\n        \"\"\"\n        status = response.get('status', None)\n        if status is None or status == ErrorCode.SUCCESS:\n            return\n        value = None\n        message = response.get(\"message\", \"\")\n        screen = response.get(\"screen\", \"\")\n        stacktrace = None\n        if isinstance(status, int):\n            value_json = response.get('value', None)\n            if value_json and isinstance(value_json, basestring):\n                import json\n                try:\n                    value = json.loads(value_json)\n                    if len(value.keys()) == 1:\n                        value = value['value']\n                    status = value.get('error', None)\n                    if status is None:\n                        status = value[\"status\"]\n                        message = value[\"value\"]\n                        if not isinstance(message, basestring):\n                            value = message\n                            message = message.get('message')\n                    else:\n                        message = value.get('message', None)\n                except ValueError:\n                    pass\n    \n        exception_class = ErrorInResponseException\n        if status in ErrorCode.NO_SUCH_ELEMENT:\n            exception_class = NoSuchElementException\n        elif status in ErrorCode.NO_SUCH_FRAME:\n            exception_class = NoSuchFrameException\n        elif status in ErrorCode.NO_SUCH_WINDOW:\n            exception_class = NoSuchWindowException\n        elif status in ErrorCode.STALE_ELEMENT_REFERENCE:\n            exception_class = StaleElementReferenceException\n        elif status in ErrorCode.ELEMENT_NOT_VISIBLE:\n            exception_class = ElementNotVisibleException\n        elif status in ErrorCode.INVALID_ELEMENT_STATE:\n            exception_class = InvalidElementStateException\n        elif status in ErrorCode.INVALID_SELECTOR \\\n                or status in ErrorCode.INVALID_XPATH_SELECTOR \\\n                or status in ErrorCode.INVALID_XPATH_SELECTOR_RETURN_TYPER:\n            exception_class = InvalidSelectorException\n        elif status in ErrorCode.ELEMENT_IS_NOT_SELECTABLE:\n            exception_class = ElementNotSelectableException\n        elif status in ErrorCode.ELEMENT_NOT_INTERACTABLE:\n            exception_class = ElementNotInteractableException\n        elif status in ErrorCode.INVALID_COOKIE_DOMAIN:\n            exception_class = InvalidCookieDomainException\n        elif status in ErrorCode.UNABLE_TO_SET_COOKIE:\n            exception_class = UnableToSetCookieException\n        elif status in ErrorCode.TIMEOUT:\n            exception_class = TimeoutException\n        elif status in ErrorCode.SCRIPT_TIMEOUT:\n            exception_class = TimeoutException\n        elif status in ErrorCode.UNKNOWN_ERROR:\n            exception_class = WebDriverException\n        elif status in ErrorCode.UNEXPECTED_ALERT_OPEN:\n            exception_class = UnexpectedAlertPresentException\n        elif status in ErrorCode.NO_ALERT_OPEN:\n            exception_class = NoAlertPresentException\n        elif status in ErrorCode.IME_NOT_AVAILABLE:\n            exception_class = ImeNotAvailableException\n        elif status in ErrorCode.IME_ENGINE_ACTIVATION_FAILED:\n            exception_class = ImeActivationFailedException\n        elif status in ErrorCode.MOVE_TARGET_OUT_OF_BOUNDS:\n            exception_class = MoveTargetOutOfBoundsException\n        elif status in ErrorCode.JAVASCRIPT_ERROR:\n            exception_class = JavascriptException\n        elif status in ErrorCode.SESSION_NOT_CREATED:\n            exception_class = SessionNotCreatedException\n        elif status in ErrorCode.INVALID_ARGUMENT:\n            exception_class = InvalidArgumentException\n        elif status in ErrorCode.NO_SUCH_COOKIE:\n            exception_class = NoSuchCookieException\n        elif status in ErrorCode.UNABLE_TO_CAPTURE_SCREEN:\n            exception_class = ScreenshotException\n        elif status in ErrorCode.ELEMENT_CLICK_INTERCEPTED:\n            exception_class = ElementClickInterceptedException\n        elif status in ErrorCode.INSECURE_CERTIFICATE:\n            exception_class = InsecureCertificateException\n        elif status in ErrorCode.INVALID_COORDINATES:\n            exception_class = InvalidCoordinatesException\n        elif status in ErrorCode.INVALID_SESSION_ID:\n            exception_class = InvalidSessionIdException\n        elif status in ErrorCode.UNKNOWN_METHOD:\n            exception_class = UnknownMethodException\n        else:\n            exception_class = WebDriverException\n        if value == '' or value is None:\n            value = response['value']\n        if isinstance(value, basestring):\n            if exception_class == ErrorInResponseException:\n                raise exception_class(response, value)\n            raise exception_class(value)\n        if message == \"\" and 'message' in value:\n            message = value['message']\n    \n        screen = None\n        if 'screen' in value:\n            screen = value['screen']\n    \n        stacktrace = None\n        if 'stackTrace' in value and value['stackTrace']:\n            stacktrace = []\n            try:\n                for frame in value['stackTrace']:\n                    line = self._value_or_default(frame, 'lineNumber', '')\n                    file = self._value_or_default(frame, 'fileName', '<anonymous>')\n                    if line:\n                        file = \"%s:%s\" % (file, line)\n                    meth = self._value_or_default(frame, 'methodName', '<anonymous>')\n                    if 'className' in frame:\n                        meth = \"%s.%s\" % (frame['className'], meth)\n                    msg = \"    at %s (%s)\"\n                    msg = msg % (meth, file)\n                    stacktrace.append(msg)\n            except TypeError:\n                pass\n        if exception_class == ErrorInResponseException:\n            raise exception_class(response, message)\n        elif exception_class == UnexpectedAlertPresentException:\n            alert_text = None\n            if 'data' in value:\n                alert_text = value['data'].get('text')\n            elif 'alert' in value:\n                alert_text = value['alert'].get('text')\n            raise exception_class(message, screen, stacktrace, alert_text)\n>       raise exception_class(message, screen, stacktrace)\nE       selenium.common.exceptions.NoAlertPresentException: Message: no such alert\nE         (Session info: chrome=78.0.3904.70)\n\n/usr/local/lib/python3.7/site-packages/selenium/webdriver/remote/errorhandler.py:242: NoAlertPresentException"}, "steps": [{"name": "Переход по ссылкеhttp://selenium1py.pythonanywhere.com/catalogue/coders-at-work_207/?promo=offer0", "status": "passed", "start": 1572016305371, "stop": 1572016306899}, {"name": "Переход на страницу авторизации", "status": "passed", "start": 1572016306899, "stop": 1572016307667}, {"name": "Регистрация пользователя", "status": "passed", "start": 1572016307667, "stop": 1572016310628}, {"name": "Возврат на главную страницу", "status": "passed", "start": 1572016310628, "stop": 1572016311868}, {"name": "Добавление товара в корзину", "status": "passed", "start": 1572016311868, "stop": 1572016311914}, {"name": "Решение серктеного кода", "status": "broken", "statusDetails": {"message": "selenium.common.exceptions.NoAlertPresentException: Message: no such alert\n  (Session info: chrome=78.0.3904.70)\n\n", "trace": "  File \"/Users/nikitababkin/Desktop/Final task/stepik_final_task/test_product_page.py\", line 33, in test_user_can_add_product_to_basket\n    page.solve_quiz_and_get_code()\n  File \"/Users/nikitababkin/Desktop/Final task/stepik_final_task/pages/product_page.py\", line 33, in solve_quiz_and_get_code\n    alert = self.driver.switch_to.alert\n  File \"/usr/local/lib/python3.7/site-packages/selenium/webdriver/remote/switch_to.py\", line 55, in alert\n    alert.text\n  File \"/usr/local/lib/python3.7/site-packages/selenium/webdriver/common/alert.py\", line 67, in text\n    return self.driver.execute(Command.W3C_GET_ALERT_TEXT)[\"value\"]\n  File \"/usr/local/lib/python3.7/site-packages/selenium/webdriver/remote/webdriver.py\", line 321, in execute\n    self.error_handler.check_response(response)\n  File \"/usr/local/lib/python3.7/site-packages/selenium/webdriver/remote/errorhandler.py\", line 242, in check_response\n    raise exception_class(message, screen, stacktrace)\n"}, "start": 1572016311914, "stop": 1572016311916}], "start": 1572016305371, "stop": 1572016311919, "uuid": "ae9e1fae-5606-45a7-9328-a5e6d57cbd48", "historyId": "98e7380dbfc189a872bc552f301ce74c", "fullName": "test_product_page.TestUserAddToBasketFromProductPage#test_user_can_add_product_to_basket", "labels": [{"name": "feature", "value": "Корзина"}, {"name": "severity", "value": "critical"}, {"name": "tag", "value": "need_review"}, {"name": "suite", "value": "test_product_page"}, {"name": "subSuite", "value": "TestUserAddToBasketFromProductPage"}, {"name": "host", "value": "MacBook-Pro-Nikita-2.local"}, {"name": "thread", "value": "32143-MainThread"}, {"name": "framework", "value": "pytest"}, {"name": "language", "value": "cpython3"}, {"name": "package", "value": "test_product_page"}]}